<?xml version="1.0" encoding="UTF-8"?>
<!-- Generated by org.testng.reporters.JUnitReportReporter -->
<testsuite hostname="kents-mbp" failures="0" tests="1" name="Runner" time="4.350" errors="0" timestamp="2021-12-05T05:29:33 WIB" skipped="0">
  <testcase classname="Runner" name="testLoginWithInvalidData" time="4.350"/>
  <system-out/>
</testsuite> <!-- Runner -->
